<?xml version="1.0" encoding="UTF-8"?>
<!-- Generated by org.testng.reporters.JUnitReportReporter -->
<testsuite skipped="0" hostname="DESKTOP-1AGNC2D" name="testngconcepts.Annotation" tests="1" failures="0" timestamp="22 Sep 2021 14:05:10 GMT" time="0.002" errors="0">
  <testcase name="AddCustomer" time="0.002" classname="testngconcepts.Annotation"/>
</testsuite> <!-- testngconcepts.Annotation -->
