<?xml version="1.0" encoding="UTF-8"?>
<!-- Generated by org.testng.reporters.JUnitReportReporter -->
<testsuite skipped="0" hostname="DESKTOP-1AGNC2D" name="groupingtest.Groupingtest" tests="4" failures="0" timestamp="22 Sep 2021 14:18:00 GMT" time="0.025" errors="0">
  <testcase name="Registration" time="0.017" classname="groupingtest.Groupingtest"/>
  <testcase name="Booktickets" time="0.003" classname="groupingtest.Groupingtest"/>
  <testcase name="Canceltickets" time="0.002" classname="groupingtest.Groupingtest"/>
  <testcase name="EditRegistration" time="0.003" classname="groupingtest.Groupingtest"/>
</testsuite> <!-- groupingtest.Groupingtest -->
