<?xml version="1.0" encoding="UTF-8"?>
<!-- Generated by org.testng.reporters.JUnitReportReporter -->
<testsuite skipped="0" hostname="DESKTOP-1AGNC2D" name="testngconcepts.Firsttest" tests="3" failures="0" timestamp="22 Sep 2021 14:05:10 GMT" time="0.029" errors="0">
  <testcase name="registration" time="0.006" classname="testngconcepts.Firsttest"/>
  <testcase name="login" time="0.014" classname="testngconcepts.Firsttest"/>
  <testcase name="logout" time="0.009" classname="testngconcepts.Firsttest"/>
</testsuite> <!-- testngconcepts.Firsttest -->
