<?xml version="1.0" encoding="UTF-8"?>
<!-- Generated by org.testng.reporters.JUnitReportReporter -->
<testsuite skipped="0" hostname="DESKTOP-1AGNC2D" name="testngconcepts.Innvocationcount" tests="4" failures="0" timestamp="22 Sep 2021 14:05:10 GMT" time="0.016" errors="0">
  <testcase name="login" time="0.007" classname="testngconcepts.Innvocationcount"/>
  <testcase name="AddCustomer" time="0.005" classname="testngconcepts.Innvocationcount"/>
  <testcase name="AddCustomer" time="0.002" classname="testngconcepts.Innvocationcount"/>
  <testcase name="AddCustomer" time="0.002" classname="testngconcepts.Innvocationcount"/>
</testsuite> <!-- testngconcepts.Innvocationcount -->
