<?xml version="1.0" encoding="UTF-8"?>
<!-- Generated by org.testng.reporters.JUnitReportReporter -->
<testsuite skipped="0" hostname="DESKTOP-1AGNC2D" name="assertionconcept.SoftAssertions" tests="1" failures="0" timestamp="22 Sep 2021 13:59:44 GMT" time="0.039" errors="0">
  <testcase name="softassert" time="0.039" classname="assertionconcept.SoftAssertions"/>
</testsuite> <!-- assertionconcept.SoftAssertions -->
