<?xml version="1.0" encoding="UTF-8"?>
<!-- Generated by org.testng.reporters.JUnitReportReporter -->
<testsuite skipped="0" hostname="DESKTOP-1AGNC2D" name="testngconcepts.Description" tests="1" failures="0" timestamp="22 Sep 2021 14:05:10 GMT" time="0.003" errors="0">
  <testcase name="login" time="0.003" classname="testngconcepts.Description"/>
</testsuite> <!-- testngconcepts.Description -->
