<?xml version="1.0" encoding="UTF-8"?>
<!-- Generated by org.testng.reporters.JUnitReportReporter -->
<testsuite skipped="0" hostname="DESKTOP-1AGNC2D" name="testngconcepts.Grouptest" tests="6" failures="0" timestamp="22 Sep 2021 12:56:33 GMT" time="0.032" errors="0">
  <testcase name="logintest" time="0.022" classname="testngconcepts.Grouptest"/>
  <testcase name="logintest" time="0.001" classname="testngconcepts.Grouptest"/>
  <testcase name="regtest" time="0.003" classname="testngconcepts.Grouptest"/>
  <testcase name="bookingtest" time="0.003" classname="testngconcepts.Grouptest"/>
  <testcase name="bookingtest" time="0.001" classname="testngconcepts.Grouptest"/>
  <testcase name="canceltest" time="0.002" classname="testngconcepts.Grouptest"/>
</testsuite> <!-- testngconcepts.Grouptest -->
