<?xml version="1.0" encoding="UTF-8"?>
<!-- Generated by org.testng.reporters.JUnitReportReporter -->
<testsuite skipped="2" hostname="DESKTOP-1AGNC2D" name="testngconcepts.Skiptest" tests="3" failures="0" timestamp="22 Sep 2021 14:05:10 GMT" time="0.002" errors="0">
  <testcase name="login" time="0.002" classname="testngconcepts.Skiptest"/>
  <testcase name="editthecustomerid" classname="testngconcepts.Skiptest">
    <skipped/>
  </testcase> <!-- editthecustomerid -->
  <testcase name="deletethecustomerid" classname="testngconcepts.Skiptest">
    <skipped/>
  </testcase> <!-- deletethecustomerid -->
</testsuite> <!-- testngconcepts.Skiptest -->
